<?xml version="1.0" encoding="UTF-8" ?>
<testsuite tests="9" failures="0" name="com.datecheck.DateCheckerServiceTest" time="0.015" errors="0" skipped="0">
  <properties>
[...]
</properties>
  <testcase classname="com.datecheck.DateCheckerServiceTest" name="givenCheckerService_whenCallBackIsMoreThanSevenDays_thenTheDateIsInvalid" time="0.013"/>
  <testcase classname="com.datecheck.DateCheckerServiceTest" name="givenCheckerService_whenCallBackIsLessThanTwoHours_thenTheDateIsInvalid" time="0"/>
  <testcase classname="com.datecheck.DateCheckerServiceTest" name="givenCheckerService_whenCallBackIsOnSunday_thenTheDateIsInvalid" time="0"/>
  <testcase classname="com.datecheck.DateCheckerServiceTest" name="givenCheckerService_whenCallBackIsWithinWorkingHoursOnSaturday_thenTheDateIsValid" time="0"/>
  <testcase classname="com.datecheck.DateCheckerServiceTest" name="givenCheckerService_whenCallBackIsBeforeWorkingHoursOnSaturday_thenTheDateIsInValid" time="0"/>
  <testcase classname="com.datecheck.DateCheckerServiceTest" name="givenCheckerService_whenCallBackIsAfterWorkingHoursOnSaturday_thenTheDateIsInValid" time="0.001"/>
  <testcase classname="com.datecheck.DateCheckerServiceTest" name="givenCheckerService_whenCallBackIsWithinWorkingHoursOnWednesday_thenTheDateIsValid" time="0.001"/>
  <testcase classname="com.datecheck.DateCheckerServiceTest" name="givenCheckerService_whenCallBackIsAfterWorkingHoursOnWednesday_thenTheDateIsInValid" time="0"/>
  <testcase classname="com.datecheck.DateCheckerServiceTest" name="givenCheckerService_whenCallBackIsNineAmExactlyWithinWorkingHoursOnWednesday_thenTheDateIsValid" time="0"/>
</testsuite>